Determining if the pthread_create exist failed with the following output:
Change Dir: /home/pi/ros/turtlejoy_ws/build/CMakeFiles/CMakeTmp

Run Build Command:"/usr/bin/make" "cmTryCompileExec4029438444/fast"
/usr/bin/make -f CMakeFiles/cmTryCompileExec4029438444.dir/build.make CMakeFiles/cmTryCompileExec4029438444.dir/build
make[1]: Entering directory '/home/pi/ros/turtlejoy_ws/build/CMakeFiles/CMakeTmp'
/usr/bin/cmake -E cmake_progress_report /home/pi/ros/turtlejoy_ws/build/CMakeFiles/CMakeTmp/CMakeFiles 1
Building C object CMakeFiles/cmTryCompileExec4029438444.dir/CheckSymbolExists.c.o
/usr/bin/cc    -o CMakeFiles/cmTryCompileExec4029438444.dir/CheckSymbolExists.c.o   -c /home/pi/ros/turtlejoy_ws/build/CMakeFiles/CMakeTmp/CheckSymbolExists.c
Linking C executable cmTryCompileExec4029438444
/usr/bin/cmake -E cmake_link_script CMakeFiles/cmTryCompileExec4029438444.dir/link.txt --verbose=1
/usr/bin/cc       CMakeFiles/cmTryCompileExec4029438444.dir/CheckSymbolExists.c.o  -o cmTryCompileExec4029438444 -rdynamic 
CMakeFiles/cmTryCompileExec4029438444.dir/CheckSymbolExists.c.o: In function `main':
CheckSymbolExists.c:(.text+0x38): undefined reference to `pthread_create'
collect2: error: ld returned 1 exit status
CMakeFiles/cmTryCompileExec4029438444.dir/build.make:88: recipe for target 'cmTryCompileExec4029438444' failed
make[1]: *** [cmTryCompileExec4029438444] Error 1
make[1]: Leaving directory '/home/pi/ros/turtlejoy_ws/build/CMakeFiles/CMakeTmp'
Makefile:118: recipe for target 'cmTryCompileExec4029438444/fast' failed
make: *** [cmTryCompileExec4029438444/fast] Error 2

File /home/pi/ros/turtlejoy_ws/build/CMakeFiles/CMakeTmp/CheckSymbolExists.c:
/* */
#include <pthread.h>

int main(int argc, char** argv)
{
  (void)argv;
#ifndef pthread_create
  return ((int*)(&pthread_create))[argc];
#else
  (void)argc;
  return 0;
#endif
}

Determining if the function pthread_create exists in the pthreads failed with the following output:
Change Dir: /home/pi/ros/turtlejoy_ws/build/CMakeFiles/CMakeTmp

Run Build Command:"/usr/bin/make" "cmTryCompileExec4276062797/fast"
/usr/bin/make -f CMakeFiles/cmTryCompileExec4276062797.dir/build.make CMakeFiles/cmTryCompileExec4276062797.dir/build
make[1]: Entering directory '/home/pi/ros/turtlejoy_ws/build/CMakeFiles/CMakeTmp'
/usr/bin/cmake -E cmake_progress_report /home/pi/ros/turtlejoy_ws/build/CMakeFiles/CMakeTmp/CMakeFiles 1
Building C object CMakeFiles/cmTryCompileExec4276062797.dir/CheckFunctionExists.c.o
/usr/bin/cc   -DCHECK_FUNCTION_EXISTS=pthread_create   -o CMakeFiles/cmTryCompileExec4276062797.dir/CheckFunctionExists.c.o   -c /usr/share/cmake-3.0/Modules/CheckFunctionExists.c
Linking C executable cmTryCompileExec4276062797
/usr/bin/cmake -E cmake_link_script CMakeFiles/cmTryCompileExec4276062797.dir/link.txt --verbose=1
/usr/bin/cc   -DCHECK_FUNCTION_EXISTS=pthread_create    CMakeFiles/cmTryCompileExec4276062797.dir/CheckFunctionExists.c.o  -o cmTryCompileExec4276062797 -rdynamic -lpthreads 
/usr/bin/ld: cannot find -lpthreads
collect2: error: ld returned 1 exit status
CMakeFiles/cmTryCompileExec4276062797.dir/build.make:88: recipe for target 'cmTryCompileExec4276062797' failed
make[1]: *** [cmTryCompileExec4276062797] Error 1
make[1]: Leaving directory '/home/pi/ros/turtlejoy_ws/build/CMakeFiles/CMakeTmp'
Makefile:118: recipe for target 'cmTryCompileExec4276062797/fast' failed
make: *** [cmTryCompileExec4276062797/fast] Error 2


